<?xml version="1.0" encoding="UTF-8"?>
<!-- Generated by org.testng.reporters.JUnitReportReporter -->
<testsuite skipped="0" hostname="DESKTOP-ACK9F1N" name="ATS.TestLogin" tests="1" failures="0" timestamp="2022-04-01T01:19:50 CEST" time="0.009" errors="0">
  <testcase name="f" time="0.009" classname="ATS.TestLogin"/>
</testsuite> <!-- ATS.TestLogin -->
